#! c:/iverilog-x64/bin/vvp
:ivl_version "10.1 (stable)" "(v10_1_1)";
:ivl_delay_selection "TYPICAL";
:vpi_time_precision - 10;
:vpi_module "system";
:vpi_module "vhdl_sys";
:vpi_module "v2005_math";
:vpi_module "va_math";
S_0000000000859d20 .scope module, "tcmod6" "tcmod6" 2 3;
 .timescale -9 -10;
v000000000095cf00_0 .var "clk", 0 0;
v000000000095cfa0_0 .net "dout", 2 0, v000000000095cdc0_0;  1 drivers
v00000000008aa840_0 .var "reset", 0 0;
S_000000000095cc40 .scope module, "count" "cmod6" 2 6, 3 3 0, S_0000000000859d20;
 .timescale -9 -10;
    .port_info 0 /INPUT 1 "clk"
    .port_info 1 /INPUT 1 "reset"
    .port_info 2 /OUTPUT 3 "dout"
v0000000000859ea0_0 .net "clk", 0 0, v000000000095cf00_0;  1 drivers
v000000000095cdc0_0 .var "dout", 2 0;
v000000000095ce60_0 .net "reset", 0 0, v00000000008aa840_0;  1 drivers
E_000000000095e070 .event posedge, v0000000000859ea0_0;
    .scope S_000000000095cc40;
T_0 ;
    %pushi/vec4 0, 0, 3;
    %store/vec4 v000000000095cdc0_0, 0, 3;
    %end;
    .thread T_0;
    .scope S_000000000095cc40;
T_1 ;
    %wait E_000000000095e070;
    %load/vec4 v000000000095ce60_0;
    %flag_set/vec4 8;
    %jmp/0xz  T_1.0, 8;
    %pushi/vec4 0, 0, 3;
    %store/vec4 v000000000095cdc0_0, 0, 3;
    %jmp T_1.1;
T_1.0 ;
    %load/vec4 v000000000095cdc0_0;
    %pad/u 32;
    %cmpi/u 5, 0, 32;
    %jmp/0xz  T_1.2, 5;
    %load/vec4 v000000000095cdc0_0;
    %addi 1, 0, 3;
    %store/vec4 v000000000095cdc0_0, 0, 3;
    %jmp T_1.3;
T_1.2 ;
    %pushi/vec4 0, 0, 3;
    %store/vec4 v000000000095cdc0_0, 0, 3;
T_1.3 ;
T_1.1 ;
    %jmp T_1;
    .thread T_1;
    .scope S_0000000000859d20;
T_2 ;
    %vpi_call 2 9 "$dumpfile", "tcmod6.vcd" {0 0 0};
    %vpi_call 2 10 "$dumpvars", 32'sb00000000000000000000000000000000, S_0000000000859d20 {0 0 0};
    %pushi/vec4 1, 0, 1;
    %store/vec4 v000000000095cf00_0, 0, 1;
    %pushi/vec4 30, 0, 32;
T_2.0 %dup/vec4;
    %pushi/vec4 0, 0, 32;
    %cmp/s;
    %jmp/1xz T_2.1, 5;
    %jmp/1 T_2.1, 4;
    %pushi/vec4 1, 0, 32;
    %sub;
    %delay 100, 0;
    %load/vec4 v000000000095cf00_0;
    %inv;
    %store/vec4 v000000000095cf00_0, 0, 1;
    %jmp T_2.0;
T_2.1 ;
    %pop/vec4 1;
    %end;
    .thread T_2;
    .scope S_0000000000859d20;
T_3 ;
    %pushi/vec4 0, 0, 1;
    %store/vec4 v00000000008aa840_0, 0, 1;
    %end;
    .thread T_3;
    .scope S_0000000000859d20;
T_4 ;
    %delay 3000, 0;
    %vpi_call 2 21 "$finish" {0 0 0};
    %end;
    .thread T_4;
# The file index is used to find the file name in the following table.
:file_names 4;
    "N/A";
    "<interactive>";
    "tcmod6.v";
    "cmod6.v";
